yarn run v1.22.4
$ strapi build
Building your admin UI with development configuration ...
ℹ Compiling Webpack
✔ Webpack: Compiled successfully in 1.71m
Done in 105.74s.
yarn run v1.22.4
$ strapi start

 Project information

[90m┌────────────────────[39m[90m┬──────────────────────────────────────────────────┐[39m
[90m│[39m Time               [90m│[39m Wed Jun 17 2020 03:52:08 GMT+0000 (Coordinated … [90m│[39m
[90m│[39m Launched in        [90m│[39m 5745 ms                                          [90m│[39m
[90m│[39m Environment        [90m│[39m development                                      [90m│[39m
[90m│[39m Process PID        [90m│[39m 24835                                            [90m│[39m
[90m│[39m Version            [90m│[39m 3.0.2 (node v10.13.0)                            [90m│[39m
[90m└────────────────────[39m[90m┴──────────────────────────────────────────────────┘[39m

 Actions available

Welcome back!
To manage your project 🚀, go to the administration panel at:
http://localhost:1337/admin

To access the server ⚡️, go to:
http://localhost:1337

[2020-06-17T03:52:15.096Z] debug GET index.html (63 ms) 200
[2020-06-17T03:52:16.387Z] debug GET /favicon.ico (34 ms) 200
[2020-06-17T03:52:17.207Z] debug GET /admin (5 ms) 200
[2020-06-17T03:52:17.313Z] debug GET runtime~main.c28c8467.js (6 ms) 200
[2020-06-17T03:52:17.325Z] debug GET main.5a944022.chunk.js (2 ms) 200
[2020-06-17T03:52:19.148Z] debug GET /users-permissions/init (25 ms) 200
[2020-06-17T03:52:19.279Z] debug GET /admin/init (2 ms) 200
[2020-06-17T03:52:19.495Z] debug GET 6301a48360d263198461152504dcd42b.svg (3 ms) 200
[2020-06-17T03:52:19.527Z] debug GET 3f6f46544e110a51499353fdc9d12bfe.png (2 ms) 200
[2020-06-17T03:52:19.605Z] debug GET 85d339d916479f729938d2911b85bf1f.ttf (6 ms) 200
[2020-06-17T03:52:19.606Z] debug GET 57d69e1d4ce0cc10ace9264b4af92cf1.ttf (4 ms) 200
[2020-06-17T03:52:19.615Z] debug GET 2d36b1a925432bae7f3c53a340868c6e.ttf (3 ms) 200
[2020-06-17T03:52:19.615Z] debug GET b15db15f746f29ffa02638cb455b8ec0.woff2 (2 ms) 200
[2020-06-17T03:52:26.391Z] debug POST /admin/auth/local (351 ms) 200
[2020-06-17T03:52:26.529Z] debug GET /content-manager/content-types (18 ms) 200
[2020-06-17T03:52:26.557Z] debug GET /content-manager/content-types (12 ms) 200
[2020-06-17T03:52:26.792Z] debug GET fb30313e62e3a932b32e5e1eef0f2ed6.png (6 ms) 200
[2020-06-17T03:52:26.794Z] debug GET 6a7a177d2278b1a672058817a92c2870.png (4 ms) 200
[2020-06-17T03:52:26.803Z] debug GET fd508c879644dd6827313d801776d714.png (4 ms) 200
[2020-06-17T03:52:26.803Z] debug GET 47ffa3adcd8b08b2ea82d3ed6c448f31.png (3 ms) 200
[2020-06-17T03:52:26.804Z] debug GET 75a60ac7a1a65ca23365ddab1d9da73e.png (3 ms) 200
[2020-06-17T03:52:26.812Z] debug GET cc1d824d8f006f0a47c72638f4ce0376.png (1 ms) 200
[2020-06-17T03:52:26.877Z] debug GET e631d2735799aa943d93d301abf423d2.ttf (3 ms) 200
[2020-06-17T03:52:29.449Z] debug GET /content-manager/components (21 ms) 200
[2020-06-17T03:52:29.454Z] debug GET /content-manager/content-types (17 ms) 200
[2020-06-17T03:52:29.465Z] debug GET /content-manager/content-types/application::painting.painting (23 ms) 200
[2020-06-17T03:52:29.532Z] debug GET 8.fd107503.chunk.js (3 ms) 200
[2020-06-17T03:52:29.564Z] debug GET 6.13dbbb1b.chunk.js (2 ms) 200
[2020-06-17T03:52:29.871Z] debug GET /content-manager/explorer/application::painting.painting/count?_limit=10&_sort=title:ASC&_start=0 (30 ms) 200
[2020-06-17T03:52:29.893Z] debug GET /content-manager/explorer/application::painting.painting?_limit=10&_sort=title:ASC&_start=0 (41 ms) 200
[2020-06-17T03:52:30.388Z] debug GET 587bfd5bca999b8d1213603050cb696e.svg (3 ms) 200
[2020-06-17T03:55:29.252Z] debug GET application::painting.painting (6 ms) 200
[2020-06-17T03:55:31.498Z] debug GET /content-manager/content-types (18 ms) 200
[2020-06-17T03:55:31.528Z] debug GET /content-manager/content-types (10 ms) 200
[2020-06-17T03:55:31.732Z] debug GET /content-manager/components (17 ms) 200
[2020-06-17T03:55:31.738Z] debug GET /content-manager/content-types (14 ms) 200
[2020-06-17T03:55:31.753Z] debug GET /content-manager/content-types/application::painting.painting (14 ms) 200
[2020-06-17T03:55:31.808Z] debug GET cc1d824d8f006f0a47c72638f4ce0376.png (4 ms) 200
[2020-06-17T03:55:32.210Z] debug GET 8.fd107503.chunk.js (2 ms) 200
[2020-06-17T03:55:32.339Z] debug GET 6.13dbbb1b.chunk.js (3 ms) 200
[2020-06-17T03:55:32.589Z] debug GET /content-manager/explorer/application::painting.painting/count?_limit=10&_sort=title:ASC&_start=0 (23 ms) 200
[2020-06-17T03:55:32.605Z] debug GET /content-manager/explorer/application::painting.painting?_limit=10&_sort=title:ASC&_start=0 (34 ms) 200
[2020-06-17T03:55:32.992Z] debug GET 587bfd5bca999b8d1213603050cb696e.svg (3 ms) 200
[2020-06-17T03:55:35.264Z] debug GET application::painting.painting (3 ms) 200
[2020-06-17T03:55:35.364Z] debug GET runtime~main.c28c8467.js (5 ms) 200
[2020-06-17T03:55:35.365Z] debug GET main.5a944022.chunk.js (4 ms) 200
[2020-06-17T03:55:37.545Z] debug GET /users-permissions/init (24 ms) 200
[2020-06-17T03:55:37.584Z] debug GET /admin/init (1 ms) 200
[2020-06-17T03:55:37.670Z] debug GET /content-manager/content-types (11 ms) 200
[2020-06-17T03:55:37.695Z] debug GET /content-manager/content-types (11 ms) 200
[2020-06-17T03:55:37.925Z] debug GET /content-manager/components (16 ms) 200
[2020-06-17T03:55:37.935Z] debug GET /content-manager/content-types (20 ms) 200
[2020-06-17T03:55:37.947Z] debug GET /content-manager/content-types/application::painting.painting (18 ms) 200
[2020-06-17T03:55:38.819Z] debug GET /content-manager/explorer/application::painting.painting/count?_limit=10&_sort=title:ASC&_start=0 (25 ms) 200
[2020-06-17T03:55:38.831Z] debug GET /content-manager/explorer/application::painting.painting?_limit=10&_sort=title:ASC&_start=0 (30 ms) 200
[2020-06-17T03:55:38.933Z] debug GET 2d36b1a925432bae7f3c53a340868c6e.ttf (5 ms) 200
[2020-06-17T03:55:38.934Z] debug GET e631d2735799aa943d93d301abf423d2.ttf (4 ms) 200
[2020-06-17T03:55:38.989Z] debug GET 57d69e1d4ce0cc10ace9264b4af92cf1.ttf (7 ms) 200
[2020-06-17T03:55:38.990Z] debug GET 85d339d916479f729938d2911b85bf1f.ttf (6 ms) 200
[2020-06-17T03:55:38.991Z] debug GET b15db15f746f29ffa02638cb455b8ec0.woff2 (5 ms) 200
[2020-06-17T03:55:46.381Z] debug GET index.html (15 ms) 200
[2020-06-17T03:55:47.886Z] debug GET /favicon.ico (1 ms) 200
[2020-06-17T03:55:51.354Z] debug GET index.html (10 ms) 200
[2020-06-17T03:55:52.784Z] debug GET /favicon.ico (0 ms) 200
[2020-06-17T03:56:01.436Z] debug GET /paintings (43 ms) 200
[2020-06-17T03:56:04.736Z] debug GET /admin (2 ms) 200
[2020-06-17T03:56:04.845Z] debug GET runtime~main.c28c8467.js (3 ms) 200
[2020-06-17T03:56:04.865Z] debug GET main.5a944022.chunk.js (3 ms) 200
[2020-06-17T03:56:06.655Z] debug GET /users-permissions/init (24 ms) 200
[2020-06-17T03:56:06.949Z] debug GET /admin/init (0 ms) 200
[2020-06-17T03:56:07.081Z] debug GET 6301a48360d263198461152504dcd42b.svg (3 ms) 200
[2020-06-17T03:56:07.127Z] debug GET 3f6f46544e110a51499353fdc9d12bfe.png (3 ms) 200
[2020-06-17T03:56:07.189Z] debug GET 85d339d916479f729938d2911b85bf1f.ttf (11 ms) 200
[2020-06-17T03:56:07.190Z] debug GET 57d69e1d4ce0cc10ace9264b4af92cf1.ttf (7 ms) 200
[2020-06-17T03:56:07.241Z] debug GET 2d36b1a925432bae7f3c53a340868c6e.ttf (3 ms) 200
[2020-06-17T03:56:07.274Z] debug GET b15db15f746f29ffa02638cb455b8ec0.woff2 (3 ms) 200
[2020-06-17T03:56:15.427Z] debug POST /admin/auth/local (209 ms) 200
[2020-06-17T03:56:15.589Z] debug GET /content-manager/content-types (14 ms) 200
[2020-06-17T03:56:15.645Z] debug GET /content-manager/content-types (17 ms) 200
[2020-06-17T03:56:15.786Z] debug GET fb30313e62e3a932b32e5e1eef0f2ed6.png (7 ms) 200
[2020-06-17T03:56:15.787Z] debug GET 6a7a177d2278b1a672058817a92c2870.png (5 ms) 200
[2020-06-17T03:56:15.806Z] debug GET fd508c879644dd6827313d801776d714.png (4 ms) 200
[2020-06-17T03:56:15.807Z] debug GET 47ffa3adcd8b08b2ea82d3ed6c448f31.png (3 ms) 200
[2020-06-17T03:56:15.816Z] debug GET 75a60ac7a1a65ca23365ddab1d9da73e.png (3 ms) 200
[2020-06-17T03:56:15.817Z] debug GET cc1d824d8f006f0a47c72638f4ce0376.png (2 ms) 200
[2020-06-17T03:56:15.889Z] debug GET e631d2735799aa943d93d301abf423d2.ttf (2 ms) 200
[2020-06-17T03:56:20.951Z] debug GET /content-manager/content-types (22 ms) 200
[2020-06-17T03:56:20.961Z] debug GET /content-manager/components (20 ms) 200
[2020-06-17T03:56:20.965Z] debug GET /content-manager/content-types/application::painting.painting (29 ms) 200
[2020-06-17T03:56:21.009Z] debug GET 8.fd107503.chunk.js (2 ms) 200
[2020-06-17T03:56:21.043Z] debug GET 6.13dbbb1b.chunk.js (2 ms) 200
[2020-06-17T03:56:21.341Z] debug GET /content-manager/explorer/application::painting.painting/count?_limit=10&_sort=title:ASC&_start=0 (25 ms) 200
[2020-06-17T03:56:21.353Z] debug GET /content-manager/explorer/application::painting.painting?_limit=10&_sort=title:ASC&_start=0 (33 ms) 200
[2020-06-17T03:56:21.808Z] debug GET 587bfd5bca999b8d1213603050cb696e.svg (2 ms) 200
[2020-06-17T03:56:26.043Z] debug GET /content-manager/content-types/plugins::users-permissions.user (20 ms) 200
[2020-06-17T03:56:26.154Z] debug GET /content-manager/explorer/plugins::users-permissions.user/count?_limit=10&_sort=username:ASC&_start=0 (25 ms) 200
[2020-06-17T03:56:26.158Z] debug GET /content-manager/explorer/plugins::users-permissions.user?_limit=10&_sort=username:ASC&_start=0 (22 ms) 200
[2020-06-17T03:56:28.008Z] debug GET 1.bc973172.chunk.js (3 ms) 200
[2020-06-17T03:56:28.017Z] debug GET 2.d673e4b8.chunk.js (2 ms) 200
[2020-06-17T03:56:28.493Z] debug GET /content-manager/explorer/plugins::users-permissions.role?_limit=20&_start=0 (103 ms) 200
[2020-06-17T03:57:30.008Z] debug POST /content-manager/explorer/plugins::users-permissions.user (436 ms) 200
[2020-06-17T03:57:30.205Z] debug GET /content-manager/explorer/plugins::users-permissions.user/count?_limit=10&_sort=username:ASC&_start=0 (16 ms) 200
[2020-06-17T03:57:30.231Z] debug GET /content-manager/explorer/plugins::users-permissions.user?_limit=10&_sort=username:ASC&_start=0 (17 ms) 200
[2020-06-17T03:57:30.273Z] debug GET /content-manager/content-types/plugins::users-permissions.user (16 ms) 200
[2020-06-17T03:57:30.358Z] debug GET /content-manager/explorer/plugins::users-permissions.user/count?_limit=10&_sort=username:ASC&_start=0 (23 ms) 200
[2020-06-17T03:57:30.365Z] debug GET /content-manager/explorer/plugins::users-permissions.user?_limit=10&_sort=username:ASC&_start=0 (23 ms) 200
[2020-06-17T03:57:33.496Z] debug GET /content-manager/explorer/plugins::users-permissions.user/1 (22 ms) 200
[2020-06-17T03:57:33.647Z] debug GET /content-manager/explorer/plugins::users-permissions.role?_limit=20&_start=0 (77 ms) 200
[2020-06-17T03:57:39.731Z] debug PUT /content-manager/explorer/plugins::users-permissions.user/1 (245 ms) 200
[2020-06-17T03:57:39.954Z] debug GET /content-manager/explorer/plugins::users-permissions.user/count?_limit=10&_sort=username:ASC&_start=0 (14 ms) 200
[2020-06-17T03:57:39.972Z] debug GET /content-manager/explorer/plugins::users-permissions.user?_limit=10&_sort=username:ASC&_start=0 (15 ms) 200
[2020-06-17T03:57:40.003Z] debug GET /content-manager/content-types/plugins::users-permissions.user (23 ms) 200
[2020-06-17T03:57:40.110Z] debug GET /content-manager/explorer/plugins::users-permissions.user/count?_limit=10&_sort=username:ASC&_start=0 (23 ms) 200
[2020-06-17T03:57:40.116Z] debug GET /content-manager/explorer/plugins::users-permissions.user?_limit=10&_sort=username:ASC&_start=0 (23 ms) 200
[2020-06-17T03:57:41.114Z] debug GET /content-manager/explorer/application::painting.painting/count?_limit=10&_sort=title:ASC&_start=0 (23 ms) 200
[2020-06-17T03:57:41.125Z] debug GET /content-manager/explorer/application::painting.painting?_limit=10&_sort=title:ASC&_start=0 (26 ms) 200
[2020-06-17T03:57:45.476Z] debug GET /content-manager/explorer/application::painting.painting/count?_limit=10&_sort=title:ASC&_start=0 (15 ms) 200
[2020-06-17T03:57:45.516Z] debug GET /content-manager/content-types/application::painting.painting (24 ms) 200
[2020-06-17T03:57:45.526Z] debug GET /content-manager/explorer/application::painting.painting?_limit=10&_sort=title:ASC&_start=0 (39 ms) 200
[2020-06-17T03:57:45.623Z] debug GET /content-manager/explorer/application::painting.painting/count?_limit=10&_sort=title:ASC&_start=0 (24 ms) 200
[2020-06-17T03:57:45.637Z] debug GET /content-manager/explorer/application::painting.painting?_limit=10&_sort=title:ASC&_start=0 (29 ms) 200
[2020-06-17T03:57:59.134Z] debug GET /content-type-builder/components (25 ms) 200
[2020-06-17T03:57:59.141Z] debug GET /content-type-builder/content-types (23 ms) 200
[2020-06-17T03:57:59.145Z] debug GET /content-type-builder/reserved-names (18 ms) 200
[2020-06-17T03:57:59.250Z] debug GET 3.b396d659.chunk.js (3 ms) 200
[2020-06-17T03:58:00.775Z] debug GET /content-manager/components (18 ms) 200
[2020-06-17T03:58:00.783Z] debug GET /content-manager/content-types (15 ms) 200
[2020-06-17T03:58:00.807Z] debug GET 0.d5f12194.chunk.js (2 ms) 200
[2020-06-17T03:58:00.902Z] debug GET /content-manager/content-types/application::painting.painting (20 ms) 200
[2020-06-17T03:58:15.621Z] debug PUT /content-manager/content-types/application::painting.painting (238 ms) 200
[2020-06-17T03:58:19.222Z] debug GET /content-manager/content-types/application::painting.painting (20 ms) 200
[2020-06-17T03:58:19.351Z] debug GET /content-manager/explorer/application::painting.painting/count?_limit=10&_sort=title:ASC&_start=0 (16 ms) 200
[2020-06-17T03:58:19.401Z] debug GET /content-manager/explorer/application::painting.painting?_limit=10&_sort=title:ASC&_start=0 (21 ms) 200
[2020-06-17T03:58:20.505Z] debug GET /content-manager/explorer/application::painting.painting/1 (27 ms) 200
[2020-06-17T03:58:20.618Z] debug GET /uploads/small_Art4_ada7a7a8c1.jpeg?135878.7549999997 (4 ms) 200
[2020-06-17T03:58:23.644Z] debug PUT /content-manager/explorer/application::painting.painting/1 (240 ms) 200
[2020-06-17T03:58:23.818Z] debug GET /content-manager/explorer/application::painting.painting/count?_limit=10&_sort=title:ASC&_start=0 (23 ms) 200
[2020-06-17T03:58:23.832Z] debug GET /content-manager/explorer/application::painting.painting?_limit=10&_sort=title:ASC&_start=0 (30 ms) 200
[2020-06-17T03:58:23.840Z] debug GET /content-manager/content-types/application::painting.painting (14 ms) 200
[2020-06-17T03:58:23.958Z] debug GET /content-manager/explorer/application::painting.painting/count?_limit=10&_sort=title:ASC&_start=0 (21 ms) 200
[2020-06-17T03:58:23.972Z] debug GET /content-manager/explorer/application::painting.painting?_limit=10&_sort=title:ASC&_start=0 (30 ms) 200
[2020-06-17T03:58:32.016Z] debug GET /upload/files?_limit=10&_start=0&_sort=updated_at%3ADESC (26 ms) 200
[2020-06-17T03:58:32.046Z] debug GET /upload/files/count? (16 ms) 200
[2020-06-17T03:58:32.131Z] debug GET /uploads/small_Art4_ada7a7a8c1.jpeg?147442.63999999932 (2 ms) 200
[2020-06-17T03:58:55.312Z] debug POST /upload (883 ms) 200
[2020-06-17T03:58:57.547Z] debug POST /upload (3616 ms) 200
[2020-06-17T03:58:59.637Z] debug POST /upload (3602 ms) 200
[2020-06-17T03:58:59.794Z] debug POST /upload (5846 ms) 200
[2020-06-17T03:59:00.430Z] debug POST /upload (4432 ms) 200
[2020-06-17T03:59:00.698Z] debug POST /upload (5890 ms) 200
[2020-06-17T03:59:00.764Z] debug GET /upload/files/count? (19 ms) 200
[2020-06-17T03:59:00.769Z] debug GET /uploads/thumbnail_Art4_57f9f7d48f.jpeg?176071.38999999914 (4 ms) 200
[2020-06-17T03:59:00.770Z] debug GET /uploads/thumbnail_Art8_199a73fd99.jpeg?176073.4250000005 (5 ms) 200
[2020-06-17T03:59:00.771Z] debug GET /uploads/thumbnail_Art7_efe890cd80.jpeg?176074.51000000036 (3 ms) 200
[2020-06-17T03:59:00.775Z] debug GET /uploads/thumbnail_Art9_c806dbb00c.jpeg?176075.49499999912 (6 ms) 200
[2020-06-17T03:59:00.783Z] debug GET /upload/files?_limit=10&_start=0&_sort=updated_at%3ADESC (47 ms) 200
[2020-06-17T03:59:00.784Z] debug GET /uploads/thumbnail_Art6_b75cce4566.jpeg?176076.6800000001 (6 ms) 200
[2020-06-17T03:59:00.815Z] debug GET /uploads/thumbnail_Art5_9e7458aa41.jpeg?176077.92499999958 (3 ms) 200
[2020-06-17T03:59:27.558Z] debug GET /uploads/small_Art4_57f9f7d48f.jpeg?202769.03999999922 (3 ms) 200
[2020-06-17T03:59:30.852Z] debug GET /upload/files?_limit=10&_start=0&_sort=updated_at%3ADESC (29 ms) 200
[2020-06-17T03:59:30.881Z] debug GET /upload/files/count? (11 ms) 200
[2020-06-17T03:59:30.925Z] debug GET /uploads/Art4_57f9f7d48f.jpeg?206151.97500000068 (2 ms) 200
[2020-06-17T03:59:34.031Z] debug GET /uploads/small_Art5_9e7458aa41.jpeg?209316.59500000023 (6 ms) 200
[2020-06-17T03:59:34.032Z] debug GET /uploads/small_Art6_b75cce4566.jpeg?209318.11500000005 (6 ms) 200
[2020-06-17T03:59:34.033Z] debug GET /uploads/small_Art9_c806dbb00c.jpeg?209320.89500000075 (5 ms) 200
[2020-06-17T03:59:34.062Z] debug GET /uploads/small_Art4_ada7a7a8c1.jpeg?209323.94999999995 (2 ms) 200
[2020-06-17T03:59:34.066Z] debug GET /uploads/small_Art7_efe890cd80.jpeg?209321.84000000052 (4 ms) 200
[2020-06-17T03:59:34.067Z] debug GET /uploads/small_Art8_199a73fd99.jpeg?209322.57000000027 (3 ms) 200
[2020-06-17T03:59:34.097Z] debug GET /uploads/small_Art4_57f9f7d48f.jpeg?209323.2599999992 (2 ms) 200
[2020-06-17T03:59:41.127Z] debug GET /uploads/small_Art5_9e7458aa41.jpeg?216445.10500000068 (3 ms) 200
[2020-06-17T03:59:47.638Z] debug POST /content-manager/explorer/application::painting.painting (465 ms) 200
[2020-06-17T03:59:47.860Z] debug GET /content-manager/explorer/application::painting.painting/count?_limit=10&_sort=title:ASC&_start=0 (14 ms) 200
[2020-06-17T03:59:47.898Z] debug GET /content-manager/explorer/application::painting.painting?_limit=10&_sort=title:ASC&_start=0 (23 ms) 200
[2020-06-17T03:59:47.921Z] debug GET /content-manager/content-types/application::painting.painting (15 ms) 200
[2020-06-17T03:59:48.033Z] debug GET /content-manager/explorer/application::painting.painting/count?_limit=10&_sort=title:ASC&_start=0 (26 ms) 200
[2020-06-17T03:59:48.045Z] debug GET /content-manager/explorer/application::painting.painting?_limit=10&_sort=title:ASC&_start=0 (31 ms) 200
[2020-06-17T03:59:50.610Z] debug GET /content-manager/explorer/application::painting.painting/2 (23 ms) 200
[2020-06-17T03:59:50.706Z] debug GET /uploads/small_Art5_9e7458aa41.jpeg?225978.7350000006 (2 ms) 200
[2020-06-17T03:59:52.951Z] debug GET /content-type-builder/components (21 ms) 200
[2020-06-17T03:59:52.955Z] debug GET /content-type-builder/content-types (17 ms) 200
[2020-06-17T03:59:52.958Z] debug GET /content-type-builder/reserved-names (15 ms) 200
[2020-06-17T03:59:58.921Z] debug GET /content-type-builder/components (15 ms) 200
[2020-06-17T03:59:58.930Z] debug GET /content-type-builder/content-types (16 ms) 200
[2020-06-17T03:59:58.934Z] debug GET /content-type-builder/reserved-names (10 ms) 200
[2020-06-17T04:02:57.456Z] debug GET index.html (15 ms) 200
[2020-06-17T04:02:59.792Z] debug GET /favicon.ico (1 ms) 200
[2020-06-17T04:03:09.913Z] debug GET /admin (1 ms) 200
[2020-06-17T04:03:10.105Z] debug GET runtime~main.c28c8467.js (5 ms) 200
[2020-06-17T04:03:10.107Z] debug GET main.5a944022.chunk.js (3 ms) 200
[2020-06-17T04:03:19.851Z] debug GET /users-permissions/init (22 ms) 200
[2020-06-17T04:03:19.951Z] debug GET /admin/init (1 ms) 200
[2020-06-17T04:03:20.102Z] debug GET 3f6f46544e110a51499353fdc9d12bfe.png (2 ms) 200
[2020-06-17T04:03:20.231Z] debug GET 6301a48360d263198461152504dcd42b.svg (3 ms) 200
[2020-06-17T04:03:20.242Z] debug GET 85d339d916479f729938d2911b85bf1f.ttf (3 ms) 200
[2020-06-17T04:03:20.243Z] debug GET 2d36b1a925432bae7f3c53a340868c6e.ttf (3 ms) 200
[2020-06-17T04:03:20.268Z] debug GET 57d69e1d4ce0cc10ace9264b4af92cf1.ttf (2 ms) 200
[2020-06-17T04:03:20.342Z] debug GET b15db15f746f29ffa02638cb455b8ec0.woff2 (2 ms) 200
[2020-06-17T04:03:23.481Z] debug GET login (3 ms) 200
[2020-06-17T04:03:25.851Z] debug GET /users-permissions/init (20 ms) 200
[2020-06-17T04:03:25.992Z] debug GET /admin/init (2 ms) 200
[2020-06-17T04:03:29.571Z] debug GET /paintings (43 ms) 200
[2020-06-17T04:08:03.044Z] debug GET /admin (2 ms) 200
[2020-06-17T04:08:03.143Z] debug GET runtime~main.c28c8467.js (2 ms) 200
[2020-06-17T04:08:03.155Z] debug GET main.5a944022.chunk.js (2 ms) 200
[2020-06-17T04:08:04.792Z] debug GET /users-permissions/init (22 ms) 200
[2020-06-17T04:08:05.091Z] debug GET /admin/init (1 ms) 200
[2020-06-17T04:08:05.296Z] debug GET 6301a48360d263198461152504dcd42b.svg (3 ms) 200
[2020-06-17T04:08:05.358Z] debug GET 3f6f46544e110a51499353fdc9d12bfe.png (3 ms) 200
[2020-06-17T04:08:05.438Z] debug GET 85d339d916479f729938d2911b85bf1f.ttf (2 ms) 200
[2020-06-17T04:08:05.443Z] debug GET 57d69e1d4ce0cc10ace9264b4af92cf1.ttf (2 ms) 200
[2020-06-17T04:08:05.452Z] debug GET 2d36b1a925432bae7f3c53a340868c6e.ttf (1 ms) 200
[2020-06-17T04:08:05.472Z] debug GET b15db15f746f29ffa02638cb455b8ec0.woff2 (5 ms) 200
[2020-06-17T04:08:11.580Z] debug POST /admin/auth/local (13 ms) 400
[2020-06-17T04:08:15.071Z] debug POST /admin/auth/local (10 ms) 400
[2020-06-17T04:08:16.377Z] debug POST /admin/auth/local (11 ms) 400
[2020-06-17T04:08:18.718Z] debug POST /admin/auth/local (10 ms) 400
[2020-06-17T04:08:24.151Z] debug POST /admin/auth/local (207 ms) 200
[2020-06-17T04:08:24.251Z] debug GET /content-manager/content-types (12 ms) 200
[2020-06-17T04:08:24.274Z] debug GET /content-manager/content-types (11 ms) 200
[2020-06-17T04:08:24.498Z] debug GET fb30313e62e3a932b32e5e1eef0f2ed6.png (4 ms) 200
[2020-06-17T04:08:24.500Z] debug GET 6a7a177d2278b1a672058817a92c2870.png (3 ms) 200
[2020-06-17T04:08:24.506Z] debug GET fd508c879644dd6827313d801776d714.png (3 ms) 200
[2020-06-17T04:08:24.509Z] debug GET 47ffa3adcd8b08b2ea82d3ed6c448f31.png (2 ms) 200
[2020-06-17T04:08:24.509Z] debug GET 75a60ac7a1a65ca23365ddab1d9da73e.png (2 ms) 200
[2020-06-17T04:08:24.542Z] debug GET cc1d824d8f006f0a47c72638f4ce0376.png (4 ms) 200
[2020-06-17T04:08:24.605Z] debug GET e631d2735799aa943d93d301abf423d2.ttf (2 ms) 200
[2020-06-17T04:08:29.972Z] debug GET /content-manager/content-types (21 ms) 200
[2020-06-17T04:08:29.975Z] debug GET /content-manager/components (21 ms) 200
[2020-06-17T04:08:29.980Z] debug GET /content-manager/content-types/plugins::users-permissions.user (38 ms) 200
[2020-06-17T04:08:30.003Z] debug GET 8.fd107503.chunk.js (2 ms) 200
[2020-06-17T04:08:30.019Z] debug GET 6.13dbbb1b.chunk.js (4 ms) 200
[2020-06-17T04:08:30.352Z] debug GET /content-manager/explorer/plugins::users-permissions.user/count?_limit=10&_sort=username:ASC&_start=0 (21 ms) 200
[2020-06-17T04:08:30.361Z] debug GET /content-manager/explorer/plugins::users-permissions.user?_limit=10&_sort=username:ASC&_start=0 (24 ms) 200
[2020-06-17T04:08:30.688Z] debug GET 587bfd5bca999b8d1213603050cb696e.svg (3 ms) 200
[2020-06-17T04:08:33.076Z] debug GET 1.bc973172.chunk.js (4 ms) 200
[2020-06-17T04:08:33.077Z] debug GET 2.d673e4b8.chunk.js (3 ms) 200
[2020-06-17T04:08:33.382Z] debug GET /content-manager/explorer/plugins::users-permissions.user/1 (20 ms) 200
[2020-06-17T04:08:33.643Z] debug GET /content-manager/explorer/plugins::users-permissions.role?_limit=20&_start=0 (77 ms) 200
[2020-06-17T04:08:45.278Z] debug PUT /content-manager/explorer/plugins::users-permissions.user/1 (423 ms) 200
[2020-06-17T04:08:45.479Z] debug GET /content-manager/explorer/plugins::users-permissions.user/count?_limit=10&_sort=username:ASC&_start=0 (31 ms) 200
[2020-06-17T04:08:45.486Z] debug GET /content-manager/content-types/plugins::users-permissions.user (24 ms) 200
[2020-06-17T04:08:45.491Z] debug GET /content-manager/explorer/plugins::users-permissions.user?_limit=10&_sort=username:ASC&_start=0 (34 ms) 200
[2020-06-17T04:08:45.586Z] debug GET /content-manager/explorer/plugins::users-permissions.user/count?_limit=10&_sort=username:ASC&_start=0 (21 ms) 200
[2020-06-17T04:08:45.593Z] debug GET /content-manager/explorer/plugins::users-permissions.user?_limit=10&_sort=username:ASC&_start=0 (25 ms) 200
[2020-06-17T04:08:50.686Z] debug GET /users-permissions/roles (27 ms) 200
[2020-06-17T04:08:55.392Z] debug GET /users-permissions/providers (16 ms) 200
[2020-06-17T04:08:55.561Z] debug GET a06da7f0950f9dd366fc9db9d56d618a.woff2 (2 ms) 200
[2020-06-17T04:08:56.094Z] debug GET /users-permissions/email-templates (16 ms) 200
[2020-06-17T04:08:56.810Z] debug GET /users-permissions/advanced (28 ms) 200
[2020-06-17T04:09:06.125Z] debug GET admin (2 ms) 200
[2020-06-17T04:09:06.222Z] debug GET runtime~main.c28c8467.js (2 ms) 200
[2020-06-17T04:09:06.231Z] debug GET main.5a944022.chunk.js (2 ms) 200
[2020-06-17T04:09:07.968Z] debug GET /users-permissions/init (21 ms) 200
[2020-06-17T04:09:08.475Z] debug GET /admin/init (2 ms) 200
[2020-06-17T04:09:08.541Z] debug GET /content-manager/content-types (11 ms) 200
[2020-06-17T04:09:08.563Z] debug GET /content-manager/content-types (11 ms) 200
[2020-06-17T04:09:08.746Z] debug GET 2d36b1a925432bae7f3c53a340868c6e.ttf (4 ms) 200
[2020-06-17T04:09:08.747Z] debug GET 57d69e1d4ce0cc10ace9264b4af92cf1.ttf (4 ms) 200
[2020-06-17T04:09:08.756Z] debug GET 85d339d916479f729938d2911b85bf1f.ttf (3 ms) 200
[2020-06-17T04:09:08.757Z] debug GET b15db15f746f29ffa02638cb455b8ec0.woff2 (2 ms) 200
[2020-06-17T04:09:14.211Z] debug GET 6301a48360d263198461152504dcd42b.svg (6 ms) 200
[2020-06-17T04:09:14.212Z] debug GET 3f6f46544e110a51499353fdc9d12bfe.png (6 ms) 200
[2020-06-17T04:09:19.504Z] debug POST /admin/auth/local (10 ms) 400
[2020-06-17T04:09:25.576Z] debug POST /admin/auth/local (209 ms) 200
[2020-06-17T04:09:25.689Z] debug GET fb30313e62e3a932b32e5e1eef0f2ed6.png (3 ms) 200
[2020-06-17T04:09:25.716Z] debug GET fd508c879644dd6827313d801776d714.png (7 ms) 200
[2020-06-17T04:09:25.719Z] debug GET 6a7a177d2278b1a672058817a92c2870.png (6 ms) 200
[2020-06-17T04:09:25.720Z] debug GET 47ffa3adcd8b08b2ea82d3ed6c448f31.png (7 ms) 200
[2020-06-17T04:09:25.722Z] debug GET 75a60ac7a1a65ca23365ddab1d9da73e.png (4 ms) 200
[2020-06-17T04:09:31.002Z] debug GET /content-manager/components (11 ms) 200
[2020-06-17T04:09:31.018Z] debug GET /content-manager/content-types (13 ms) 200
[2020-06-17T04:09:31.028Z] debug GET /content-manager/content-types/strapi::administrator (18 ms) 200
[2020-06-17T04:09:31.062Z] debug GET 8.fd107503.chunk.js (2 ms) 200
[2020-06-17T04:09:31.118Z] debug GET 6.13dbbb1b.chunk.js (2 ms) 200
[2020-06-17T04:09:31.297Z] debug GET /content-manager/explorer/strapi::administrator/count?_limit=10&_sort=username:ASC&_start=0 (23 ms) 200
[2020-06-17T04:09:31.300Z] debug GET /content-manager/explorer/strapi::administrator?_limit=10&_sort=username:ASC&_start=0 (20 ms) 200
[2020-06-17T04:09:32.015Z] debug GET 587bfd5bca999b8d1213603050cb696e.svg (5 ms) 200
[2020-06-17T04:09:42.257Z] debug GET 1.bc973172.chunk.js (4 ms) 200
[2020-06-17T04:09:42.258Z] debug GET 2.d673e4b8.chunk.js (4 ms) 200
[2020-06-17T04:09:59.611Z] debug POST /content-manager/explorer/strapi::administrator (386 ms) 200
[2020-06-17T04:09:59.759Z] debug GET /content-manager/explorer/strapi::administrator/count?_limit=10&_sort=username:ASC&_start=0 (25 ms) 200
[2020-06-17T04:09:59.772Z] debug GET /content-manager/explorer/strapi::administrator?_limit=10&_sort=username:ASC&_start=0 (23 ms) 200
[2020-06-17T04:09:59.776Z] debug GET /content-manager/content-types/strapi::administrator (20 ms) 200
[2020-06-17T04:09:59.872Z] debug GET /content-manager/explorer/strapi::administrator/count?_limit=10&_sort=username:ASC&_start=0 (23 ms) 200
[2020-06-17T04:09:59.875Z] debug GET /content-manager/explorer/strapi::administrator?_limit=10&_sort=username:ASC&_start=0 (19 ms) 200
[2020-06-17T04:10:06.836Z] debug POST /admin/auth/local (207 ms) 200
[2020-06-17T04:10:09.834Z] debug GET /content-manager/components (12 ms) 200
[2020-06-17T04:10:09.867Z] debug GET /content-manager/content-types (14 ms) 200
[2020-06-17T04:10:09.875Z] debug GET /content-manager/content-types/application::painting.painting (16 ms) 200
[2020-06-17T04:10:09.948Z] debug GET /content-manager/explorer/application::painting.painting/count?_limit=10&_sort=title:ASC&_start=0 (22 ms) 200
[2020-06-17T04:10:09.961Z] debug GET /content-manager/explorer/application::painting.painting?_limit=10&_sort=title:ASC&_start=0 (27 ms) 200
[2020-06-17T04:10:12.077Z] debug GET /content-manager/explorer/application::painting.painting/2 (26 ms) 200
[2020-06-17T04:10:12.240Z] debug GET /uploads/small_Art5_9e7458aa41.jpeg?66040.37000000062 (3 ms) 200
[2020-06-17T04:11:33.576Z] debug GET application::painting.painting (3 ms) 200
[2020-06-17T04:11:33.655Z] debug GET runtime~main.c28c8467.js (2 ms) 200
[2020-06-17T04:11:33.666Z] debug GET main.5a944022.chunk.js (2 ms) 200
[2020-06-17T04:11:35.337Z] debug GET /users-permissions/init (22 ms) 200
[2020-06-17T04:11:35.846Z] debug GET /admin/init (1 ms) 200
[2020-06-17T04:11:35.869Z] debug GET /favicon.ico (1 ms) 200
[2020-06-17T04:11:36.082Z] debug GET /content-manager/content-types (13 ms) 200
[2020-06-17T04:11:36.096Z] debug GET /content-manager/content-types (8 ms) 200
[2020-06-17T04:11:36.311Z] debug GET /content-manager/components (15 ms) 200
[2020-06-17T04:11:36.316Z] debug GET /content-manager/content-types (11 ms) 200
[2020-06-17T04:11:36.331Z] debug GET cc1d824d8f006f0a47c72638f4ce0376.png (4 ms) 200
[2020-06-17T04:11:36.338Z] debug GET /content-manager/content-types/application::painting.painting (20 ms) 200
[2020-06-17T04:11:36.341Z] debug GET e631d2735799aa943d93d301abf423d2.ttf (9 ms) 200
[2020-06-17T04:11:36.344Z] debug GET 2d36b1a925432bae7f3c53a340868c6e.ttf (2 ms) 200
[2020-06-17T04:11:36.380Z] debug GET 85d339d916479f729938d2911b85bf1f.ttf (6 ms) 200
[2020-06-17T04:11:36.382Z] debug GET 57d69e1d4ce0cc10ace9264b4af92cf1.ttf (4 ms) 200
[2020-06-17T04:11:36.671Z] debug GET b15db15f746f29ffa02638cb455b8ec0.woff2 (3 ms) 200
[2020-06-17T04:11:36.798Z] debug GET 8.fd107503.chunk.js (2 ms) 200
[2020-06-17T04:11:36.928Z] debug GET 1.bc973172.chunk.js (2 ms) 200
[2020-06-17T04:11:36.933Z] debug GET 2.d673e4b8.chunk.js (3 ms) 200
[2020-06-17T04:11:37.773Z] debug GET /content-manager/explorer/application::painting.painting/2 (28 ms) 200
[2020-06-17T04:11:38.055Z] debug GET /uploads/small_Art5_9e7458aa41.jpeg?4354.5500000000175 (4 ms) 200
[2020-06-17T04:11:40.421Z] debug GET 6.13dbbb1b.chunk.js (2 ms) 200
[2020-06-17T04:11:40.438Z] debug GET /content-manager/content-types/application::painting.painting (15 ms) 200
[2020-06-17T04:11:40.600Z] debug GET /content-manager/explorer/application::painting.painting/count?_limit=10&_sort=title:ASC&_start=0 (22 ms) 200
[2020-06-17T04:11:40.612Z] debug GET /content-manager/explorer/application::painting.painting?_limit=10&_sort=title:ASC&_start=0 (26 ms) 200
[2020-06-17T04:11:41.383Z] debug GET 587bfd5bca999b8d1213603050cb696e.svg (3 ms) 200
[2020-06-17T04:17:14.536Z] debug GET /graphql (44 ms) 200
[2020-06-17T04:17:22.444Z] debug POST /graphql (104 ms) 200
[2020-06-17T04:17:22.725Z] debug POST /graphql (45 ms) 200
[2020-06-17T04:17:26.708Z] debug POST /graphql (37 ms) 200
[2020-06-17T04:17:40.212Z] debug POST /graphql (15 ms) 400
[2020-06-17T04:18:16.205Z] debug POST /graphql (6 ms) 400
[2020-06-17T04:18:23.252Z] debug POST /graphql (5 ms) 400
[2020-06-17T04:18:24.464Z] debug POST /graphql (9 ms) 400
[2020-06-17T04:18:25.025Z] debug POST /graphql (6 ms) 400
[2020-06-17T04:18:26.371Z] debug POST /graphql (9 ms) 400
[2020-06-17T04:18:26.582Z] debug POST /graphql (6 ms) 400
[2020-06-17T04:18:27.301Z] debug POST /graphql (5 ms) 400
[2020-06-17T04:18:27.711Z] debug POST /graphql (8 ms) 400
[2020-06-17T04:22:56.303Z] debug GET index.html (12 ms) 200
[2020-06-17T04:23:02.811Z] debug OPTIONS //graphql (2 ms) 204
[2020-06-17T04:23:02.813Z] debug OPTIONS //graphql (0 ms) 204
[2020-06-17T04:23:02.840Z] debug POST //graphql (3 ms) 404
[2020-06-17T04:23:02.846Z] debug POST //graphql (2 ms) 404
[2020-06-17T04:23:05.370Z] debug GET /graphql (2 ms) 200
[2020-06-17T04:23:07.455Z] debug POST /graphql (37 ms) 200
[2020-06-17T04:23:07.609Z] debug POST /graphql (36 ms) 200
[2020-06-17T04:23:25.843Z] debug POST //graphql (3 ms) 404
[2020-06-17T04:23:25.847Z] debug POST //graphql (1 ms) 404
[2020-06-17T04:23:32.288Z] debug OPTIONS /graphql (0 ms) 204
[2020-06-17T04:23:32.289Z] debug OPTIONS /graphql (0 ms) 204
[2020-06-17T04:23:32.311Z] debug POST /graphql (12 ms) 400
[2020-06-17T04:23:32.319Z] debug POST /graphql (5 ms) 400
[2020-06-17T04:24:03.823Z] debug POST /graphql (10 ms) 400
[2020-06-17T04:24:03.883Z] debug POST /graphql (7 ms) 400
[2020-06-17T04:25:31.119Z] debug POST /graphql (6 ms) 400
[2020-06-17T04:25:31.127Z] debug POST /graphql (5 ms) 400
[2020-06-17T04:27:48.102Z] debug POST /graphql (6 ms) 400
[2020-06-17T04:27:48.109Z] debug POST /graphql (4 ms) 400
[2020-06-17T04:28:15.662Z] debug POST /graphql (6 ms) 400
[2020-06-17T04:28:15.668Z] debug POST /graphql (4 ms) 400
[2020-06-17T04:28:20.409Z] debug POST /graphql (7 ms) 400
[2020-06-17T04:28:20.420Z] debug POST /graphql (4 ms) 400
[2020-06-17T04:33:27.209Z] debug GET index.html (14 ms) 200
[2020-06-17T04:33:41.845Z] debug OPTIONS /graphql (0 ms) 204
[2020-06-17T04:33:41.862Z] debug POST /graphql (9 ms) 400
[2020-06-17T04:33:55.428Z] debug GET index.html (14 ms) 200
[2020-06-17T04:33:57.528Z] debug GET /admin (2 ms) 200
[2020-06-17T04:33:57.616Z] debug GET runtime~main.c28c8467.js (2 ms) 200
[2020-06-17T04:33:57.629Z] debug GET main.5a944022.chunk.js (2 ms) 200
[2020-06-17T04:34:00.188Z] debug GET /users-permissions/init (21 ms) 200
[2020-06-17T04:34:00.494Z] debug GET /admin/init (1 ms) 200
[2020-06-17T04:34:00.638Z] debug GET 6301a48360d263198461152504dcd42b.svg (5 ms) 200
[2020-06-17T04:34:00.669Z] debug GET 3f6f46544e110a51499353fdc9d12bfe.png (2 ms) 200
[2020-06-17T04:34:00.717Z] debug GET 85d339d916479f729938d2911b85bf1f.ttf (2 ms) 200
[2020-06-17T04:34:00.721Z] debug GET 57d69e1d4ce0cc10ace9264b4af92cf1.ttf (3 ms) 200
[2020-06-17T04:34:00.734Z] debug GET 2d36b1a925432bae7f3c53a340868c6e.ttf (5 ms) 200
[2020-06-17T04:34:00.736Z] debug GET b15db15f746f29ffa02638cb455b8ec0.woff2 (4 ms) 200
[2020-06-17T04:34:11.259Z] debug POST /admin/auth/local (207 ms) 200
[2020-06-17T04:34:11.394Z] debug GET /content-manager/content-types (10 ms) 200
[2020-06-17T04:34:11.425Z] debug GET /content-manager/content-types (11 ms) 200
[2020-06-17T04:34:11.597Z] debug GET fd508c879644dd6827313d801776d714.png (3 ms) 200
[2020-06-17T04:34:11.600Z] debug GET fb30313e62e3a932b32e5e1eef0f2ed6.png (3 ms) 200
[2020-06-17T04:34:11.606Z] debug GET 6a7a177d2278b1a672058817a92c2870.png (3 ms) 200
[2020-06-17T04:34:11.609Z] debug GET 47ffa3adcd8b08b2ea82d3ed6c448f31.png (3 ms) 200
[2020-06-17T04:34:11.609Z] debug GET 75a60ac7a1a65ca23365ddab1d9da73e.png (2 ms) 200
[2020-06-17T04:34:11.620Z] debug GET cc1d824d8f006f0a47c72638f4ce0376.png (4 ms) 200
[2020-06-17T04:34:11.685Z] debug GET e631d2735799aa943d93d301abf423d2.ttf (11 ms) 200
[2020-06-17T04:34:15.210Z] debug GET /content-manager/components (19 ms) 200
[2020-06-17T04:34:15.216Z] debug GET /content-manager/content-types (15 ms) 200
[2020-06-17T04:34:15.225Z] debug GET /content-manager/content-types/application::painting.painting (21 ms) 200
[2020-06-17T04:34:15.257Z] debug GET 8.fd107503.chunk.js (3 ms) 200
[2020-06-17T04:34:15.292Z] debug GET 6.13dbbb1b.chunk.js (3 ms) 200
[2020-06-17T04:34:15.498Z] debug GET /content-manager/explorer/application::painting.painting/count?_limit=10&_sort=title:ASC&_start=0 (24 ms) 200
[2020-06-17T04:34:15.514Z] debug GET /content-manager/explorer/application::painting.painting?_limit=10&_sort=title:ASC&_start=0 (33 ms) 200
[2020-06-17T04:34:16.161Z] debug GET 587bfd5bca999b8d1213603050cb696e.svg (2 ms) 200
[2020-06-17T04:34:22.110Z] debug GET /content-type-builder/components (21 ms) 200
[2020-06-17T04:34:22.114Z] debug GET /content-type-builder/content-types (17 ms) 200
[2020-06-17T04:34:22.118Z] debug GET /content-type-builder/reserved-names (14 ms) 200
[2020-06-17T04:34:22.161Z] debug GET 3.b396d659.chunk.js (2 ms) 200
[2020-06-17T04:34:55.530Z] debug POST /graphql (44 ms) 200
[2020-06-17T04:36:29.879Z] debug POST /graphql (33 ms) 200
[2020-06-17T04:38:39.366Z] debug POST /graphql (36 ms) 200
[2020-06-17T04:39:00.139Z] debug POST /graphql (34 ms) 200
[2020-06-17T04:39:51.080Z] debug POST /graphql (34 ms) 200
[2020-06-17T04:40:51.856Z] debug POST /graphql (36 ms) 200
[2020-06-17T04:41:41.301Z] debug POST /graphql (38 ms) 200
[2020-06-17T04:42:08.843Z] debug POST /graphql (37 ms) 200
[2020-06-17T04:42:25.776Z] debug POST /graphql (30 ms) 200
[2020-06-17T04:43:42.553Z] debug POST /graphql (31 ms) 200
[2020-06-17T04:43:51.473Z] debug OPTIONS /graphql (0 ms) 204
[2020-06-17T04:43:51.542Z] debug POST /graphql (31 ms) 200
[2020-06-17T04:44:13.111Z] debug POST /graphql (32 ms) 200
[2020-06-17T04:47:56.086Z] debug GET /content-manager/components (19 ms) 200
[2020-06-17T04:47:56.090Z] debug GET /content-manager/content-types (14 ms) 200
[2020-06-17T04:47:56.100Z] debug GET /content-manager/content-types/application::painting.painting (21 ms) 200
[2020-06-17T04:47:56.232Z] debug GET /content-manager/explorer/application::painting.painting/count?_limit=10&_sort=title:ASC&_start=0 (23 ms) 200
[2020-06-17T04:47:56.248Z] debug GET /content-manager/explorer/application::painting.painting?_limit=10&_sort=title:ASC&_start=0 (33 ms) 200
[2020-06-17T04:47:59.396Z] debug GET 1.bc973172.chunk.js (4 ms) 200
[2020-06-17T04:47:59.397Z] debug GET 2.d673e4b8.chunk.js (3 ms) 200
[2020-06-17T04:47:59.760Z] debug GET /content-manager/explorer/application::painting.painting/1 (27 ms) 200
[2020-06-17T04:48:00.044Z] debug GET /uploads/small_Art4_ada7a7a8c1.jpeg?842367.7500000001 (2 ms) 200
[2020-06-17T04:48:07.386Z] debug PUT /content-manager/explorer/application::painting.painting/1 (247 ms) 200
[2020-06-17T04:48:07.624Z] debug GET /content-manager/explorer/application::painting.painting/count?_limit=10&_sort=title:ASC&_start=0 (17 ms) 200
[2020-06-17T04:48:07.649Z] debug GET /content-manager/content-types/application::painting.painting (18 ms) 200
[2020-06-17T04:48:07.657Z] debug GET /content-manager/explorer/application::painting.painting?_limit=10&_sort=title:ASC&_start=0 (31 ms) 200
[2020-06-17T04:48:07.757Z] debug GET /content-manager/explorer/application::painting.painting/count?_limit=10&_sort=title:ASC&_start=0 (22 ms) 200
[2020-06-17T04:48:07.772Z] debug GET /content-manager/explorer/application::painting.painting?_limit=10&_sort=title:ASC&_start=0 (30 ms) 200
[2020-06-17T04:50:45.512Z] debug POST /graphql (33 ms) 200
[2020-06-17T04:50:46.964Z] debug POST /graphql (32 ms) 200
[2020-06-17T04:50:57.231Z] debug POST /graphql (34 ms) 200
[2020-06-17T04:51:02.625Z] debug POST /graphql (32 ms) 200
[2020-06-17T05:02:16.499Z] debug GET index.html (11 ms) 200
[2020-06-17T05:02:18.752Z] debug GET /admin (3 ms) 200
[2020-06-17T05:02:18.865Z] debug GET runtime~main.c28c8467.js (3 ms) 200
[2020-06-17T05:02:18.890Z] debug GET main.5a944022.chunk.js (3 ms) 200
[2020-06-17T05:02:20.407Z] debug GET /users-permissions/init (24 ms) 200
[2020-06-17T05:02:20.550Z] debug GET /admin/init (1 ms) 200
[2020-06-17T05:02:20.827Z] debug GET 6301a48360d263198461152504dcd42b.svg (2 ms) 200
[2020-06-17T05:02:20.842Z] debug GET 3f6f46544e110a51499353fdc9d12bfe.png (2 ms) 200
[2020-06-17T05:02:20.941Z] debug GET 85d339d916479f729938d2911b85bf1f.ttf (4 ms) 200
[2020-06-17T05:02:20.945Z] debug GET 57d69e1d4ce0cc10ace9264b4af92cf1.ttf (5 ms) 200
[2020-06-17T05:02:20.951Z] debug GET 2d36b1a925432bae7f3c53a340868c6e.ttf (3 ms) 200
[2020-06-17T05:02:20.955Z] debug GET b15db15f746f29ffa02638cb455b8ec0.woff2 (1 ms) 200
[2020-06-17T05:25:13.780Z] debug POST /graphql (33 ms) 200
[2020-06-17T05:28:14.126Z] debug POST /graphql (42 ms) 200
[2020-06-17T05:28:47.800Z] debug POST /graphql (31 ms) 200
[2020-06-17T05:29:07.578Z] debug POST /graphql (30 ms) 200
[2020-06-17T05:29:24.624Z] debug POST /graphql (34 ms) 200
[2020-06-17T05:29:32.345Z] debug POST /graphql (31 ms) 200
[2020-06-17T05:30:25.314Z] debug POST /graphql (37 ms) 200
[2020-06-17T05:31:00.257Z] debug POST /graphql (28 ms) 200
[2020-06-17T05:31:35.467Z] debug POST /graphql (34 ms) 200
[2020-06-17T05:31:51.732Z] debug POST /graphql (31 ms) 200
[2020-06-17T05:32:12.292Z] debug POST /graphql (31 ms) 200
[2020-06-17T05:32:24.696Z] debug POST /graphql (33 ms) 200
[2020-06-17T05:32:38.693Z] debug POST /graphql (34 ms) 200
[2020-06-17T05:32:42.961Z] debug POST /graphql (32 ms) 200
[2020-06-17T05:32:50.086Z] debug POST /graphql (33 ms) 200
[2020-06-17T05:33:10.998Z] debug POST /graphql (33 ms) 200
[2020-06-17T05:33:31.503Z] debug POST /graphql (39 ms) 200
[2020-06-17T05:33:42.132Z] debug POST /graphql (31 ms) 200
[2020-06-17T05:34:06.645Z] debug POST /graphql (33 ms) 200
[2020-06-17T05:34:47.124Z] debug POST /graphql (33 ms) 200
[2020-06-17T05:35:12.231Z] debug POST /graphql (32 ms) 200
[2020-06-17T05:35:30.240Z] debug POST /graphql (31 ms) 200
[2020-06-17T05:37:48.809Z] debug POST /graphql (32 ms) 200
[2020-06-17T05:37:49.531Z] debug GET /uploads/Art4_ada7a7a8c1.jpeg (4 ms) 200
[2020-06-17T05:37:49.560Z] debug GET /uploads/Art5_9e7458aa41.jpeg (2 ms) 200
[2020-06-17T05:38:10.576Z] debug POST /graphql (29 ms) 200
[2020-06-17T05:38:11.051Z] debug GET /uploads/Art4_ada7a7a8c1.jpeg (2 ms) 200
[2020-06-17T05:38:11.069Z] debug GET /uploads/Art5_9e7458aa41.jpeg (5 ms) 200
[2020-06-17T05:38:32.015Z] debug POST /graphql (32 ms) 200
[2020-06-17T05:38:32.853Z] debug GET /uploads/Art4_ada7a7a8c1.jpeg (3 ms) 200
[2020-06-17T05:38:32.881Z] debug GET /uploads/Art5_9e7458aa41.jpeg (2 ms) 200
[2020-06-17T05:43:13.034Z] debug POST /graphql (33 ms) 200
[2020-06-17T05:43:13.448Z] debug GET /uploads/Art4_ada7a7a8c1.jpeg (3 ms) 200
[2020-06-17T05:43:13.456Z] debug GET /uploads/Art5_9e7458aa41.jpeg (3 ms) 200
[2020-06-17T05:43:18.713Z] debug POST /graphql (32 ms) 200
[2020-06-17T05:43:19.073Z] debug GET /uploads/Art4_ada7a7a8c1.jpeg (2 ms) 200
[2020-06-17T05:43:19.173Z] debug GET /uploads/Art5_9e7458aa41.jpeg (2 ms) 200
[2020-06-17T05:43:36.297Z] debug POST /graphql (31 ms) 200
[2020-06-17T05:43:37.015Z] debug GET /uploads/Art4_ada7a7a8c1.jpeg (2 ms) 200
[2020-06-17T05:43:37.178Z] debug GET /uploads/Art5_9e7458aa41.jpeg (2 ms) 200
[2020-06-17T05:44:09.725Z] debug POST /graphql (32 ms) 200
[2020-06-17T05:44:10.514Z] debug GET /uploads/Art4_ada7a7a8c1.jpeg (2 ms) 200
[2020-06-17T05:44:10.605Z] debug GET /uploads/Art5_9e7458aa41.jpeg (2 ms) 200
[2020-06-17T05:44:30.829Z] debug GET /admin (1 ms) 200
[2020-06-17T05:44:30.950Z] debug GET runtime~main.c28c8467.js (3 ms) 200
[2020-06-17T05:44:30.964Z] debug GET main.5a944022.chunk.js (4 ms) 200
[2020-06-17T05:44:32.454Z] debug GET /users-permissions/init (22 ms) 200
[2020-06-17T05:44:32.917Z] debug GET /admin/init (1 ms) 200
[2020-06-17T05:44:33.122Z] debug GET 6301a48360d263198461152504dcd42b.svg (3 ms) 200
[2020-06-17T05:44:33.133Z] debug GET 3f6f46544e110a51499353fdc9d12bfe.png (2 ms) 200
[2020-06-17T05:44:33.186Z] debug GET 57d69e1d4ce0cc10ace9264b4af92cf1.ttf (5 ms) 200
[2020-06-17T05:44:33.187Z] debug GET 85d339d916479f729938d2911b85bf1f.ttf (4 ms) 200
[2020-06-17T05:44:33.194Z] debug GET 2d36b1a925432bae7f3c53a340868c6e.ttf (3 ms) 200
[2020-06-17T05:44:33.200Z] debug GET b15db15f746f29ffa02638cb455b8ec0.woff2 (2 ms) 200
[2020-06-17T05:44:42.760Z] debug POST /admin/auth/local (209 ms) 200
[2020-06-17T05:44:42.870Z] debug GET /content-manager/content-types (14 ms) 200
[2020-06-17T05:44:42.900Z] debug GET /content-manager/content-types (12 ms) 200
[2020-06-17T05:44:43.145Z] debug GET fb30313e62e3a932b32e5e1eef0f2ed6.png (3 ms) 200
[2020-06-17T05:44:43.149Z] debug GET 6a7a177d2278b1a672058817a92c2870.png (2 ms) 200
[2020-06-17T05:44:43.161Z] debug GET fd508c879644dd6827313d801776d714.png (6 ms) 200
[2020-06-17T05:44:43.161Z] debug GET 47ffa3adcd8b08b2ea82d3ed6c448f31.png (3 ms) 200
[2020-06-17T05:44:43.162Z] debug GET 75a60ac7a1a65ca23365ddab1d9da73e.png (3 ms) 200
[2020-06-17T05:44:43.197Z] debug GET cc1d824d8f006f0a47c72638f4ce0376.png (2 ms) 200
[2020-06-17T05:44:43.246Z] debug GET e631d2735799aa943d93d301abf423d2.ttf (2 ms) 200
[2020-06-17T05:44:46.094Z] debug GET /content-manager/components (21 ms) 200
[2020-06-17T05:44:46.098Z] debug GET /content-manager/content-types (16 ms) 200
[2020-06-17T05:44:46.112Z] debug GET /content-manager/content-types/application::painting.painting (28 ms) 200
[2020-06-17T05:44:46.146Z] debug GET 8.fd107503.chunk.js (2 ms) 200
[2020-06-17T05:44:46.165Z] debug GET 6.13dbbb1b.chunk.js (3 ms) 200
[2020-06-17T05:44:46.382Z] debug GET /content-manager/explorer/application::painting.painting/count?_limit=10&_sort=title:ASC&_start=0 (24 ms) 200
[2020-06-17T05:44:46.394Z] debug GET /content-manager/explorer/application::painting.painting?_limit=10&_sort=title:ASC&_start=0 (29 ms) 200
[2020-06-17T05:44:47.072Z] debug GET 587bfd5bca999b8d1213603050cb696e.svg (2 ms) 200
[2020-06-17T05:44:47.361Z] debug GET 2.d673e4b8.chunk.js (6 ms) 200
[2020-06-17T05:44:47.362Z] debug GET 1.bc973172.chunk.js (3 ms) 200
[2020-06-17T05:44:47.576Z] debug GET /content-manager/explorer/application::painting.painting/1 (27 ms) 200
[2020-06-17T05:44:47.796Z] debug GET /uploads/small_Art4_ada7a7a8c1.jpeg?16961.154999999962 (3 ms) 200
[2020-06-17T05:44:52.372Z] debug GET /users-permissions/roles (23 ms) 200
[2020-06-17T05:44:53.571Z] debug GET /users-permissions/policies (22 ms) 200
[2020-06-17T05:44:53.590Z] debug GET /users-permissions/routes (30 ms) 200
[2020-06-17T05:44:53.841Z] debug GET /users-permissions/roles/1?lang=en-US (277 ms) 200
[2020-06-17T05:44:53.984Z] debug GET cdbd13088f280c86c5f5621f0fa1b857.svg (8 ms) 200
[2020-06-17T05:44:53.985Z] debug GET 2e83b03e0d8024cdb30d4ac2e02fcce8.svg (8 ms) 200
[2020-06-17T05:44:53.986Z] debug GET 2e1ba5a498b2a46ff0e9130c2cfd3384.svg (5 ms) 200
[2020-06-17T05:44:53.994Z] debug GET 353e06eff649d349c57886e7b85c1583.svg (2 ms) 200
[2020-06-17T05:44:53.995Z] debug GET 33f80c39ceeee87c63c4ecfaf6430499.svg (1 ms) 200
[2020-06-17T05:44:54.739Z] debug GET /users-permissions/roles (21 ms) 200
[2020-06-17T05:44:55.490Z] debug GET /users-permissions/policies (21 ms) 200
[2020-06-17T05:44:55.508Z] debug GET /users-permissions/routes (31 ms) 200
[2020-06-17T05:44:55.631Z] debug GET /users-permissions/roles/2?lang=en-US (149 ms) 200
[2020-06-17T05:45:28.524Z] debug POST /graphql (40 ms) 200
[2020-06-17T05:45:29.515Z] debug GET /uploads/Art4_ada7a7a8c1.jpeg (3 ms) 200
[2020-06-17T05:45:29.521Z] debug GET /uploads/Art5_9e7458aa41.jpeg (3 ms) 200
[2020-06-17T05:46:38.999Z] debug GET /content-manager/components (20 ms) 200
[2020-06-17T05:46:39.004Z] debug GET /content-manager/content-types (14 ms) 200
[2020-06-17T05:46:39.014Z] debug GET /content-manager/content-types/application::painting.painting (20 ms) 200
[2020-06-17T05:46:39.175Z] debug GET /content-manager/explorer/application::painting.painting/count?_limit=10&_sort=title:ASC&_start=0 (24 ms) 200
[2020-06-17T05:46:39.188Z] debug GET /content-manager/explorer/application::painting.painting?_limit=10&_sort=title:ASC&_start=0 (30 ms) 200
[2020-06-17T05:46:44.515Z] debug GET /upload/files/count? (18 ms) 200
[2020-06-17T05:46:44.524Z] debug GET /upload/files?_limit=10&_start=0&_sort=updated_at%3ADESC (38 ms) 200
[2020-06-17T05:46:44.634Z] debug GET /uploads/small_Art5_9e7458aa41.jpeg?133902.03999999995 (2 ms) 200
[2020-06-17T05:46:44.641Z] debug GET /uploads/small_Art6_b75cce4566.jpeg?133905.60000000003 (3 ms) 200
[2020-06-17T05:46:44.655Z] debug GET /uploads/small_Art9_c806dbb00c.jpeg?133912.07999999914 (4 ms) 200
[2020-06-17T05:46:44.656Z] debug GET /uploads/small_Art7_efe890cd80.jpeg?133919.8149999993 (2 ms) 200
[2020-06-17T05:46:44.661Z] debug GET /uploads/small_Art4_ada7a7a8c1.jpeg?133924.5349999992 (2 ms) 200
[2020-06-17T05:46:44.669Z] debug GET /uploads/small_Art8_199a73fd99.jpeg?133921.81999999957 (3 ms) 200
[2020-06-17T05:46:44.669Z] debug GET /uploads/small_Art4_57f9f7d48f.jpeg?133923.07999999958 (2 ms) 200
[2020-06-17T05:46:47.518Z] debug GET /uploads/small_Art8_199a73fd99.jpeg?136777.63999999934 (2 ms) 200
[2020-06-17T05:46:51.005Z] debug POST /content-manager/explorer/application::painting.painting (432 ms) 200
[2020-06-17T05:46:51.267Z] debug GET /content-manager/explorer/application::painting.painting/count?_limit=10&_sort=title:ASC&_start=0 (32 ms) 200
[2020-06-17T05:46:51.274Z] debug GET /content-manager/content-types/application::painting.painting (24 ms) 200
[2020-06-17T05:46:51.285Z] debug GET /content-manager/explorer/application::painting.painting?_limit=10&_sort=title:ASC&_start=0 (43 ms) 200
[2020-06-17T05:46:51.356Z] debug GET /content-manager/explorer/application::painting.painting/count?_limit=10&_sort=title:ASC&_start=0 (22 ms) 200
[2020-06-17T05:46:51.369Z] debug GET /content-manager/explorer/application::painting.painting?_limit=10&_sort=title:ASC&_start=0 (31 ms) 200
[2020-06-17T05:46:53.534Z] debug GET /content-manager/explorer/application::painting.painting/3 (24 ms) 200
[2020-06-17T05:46:53.634Z] debug GET /uploads/small_Art8_199a73fd99.jpeg?142870.75000000006 (2 ms) 200
[2020-06-17T05:46:57.412Z] debug PUT /content-manager/explorer/application::painting.painting/3 (234 ms) 200
[2020-06-17T05:46:57.694Z] debug GET /content-manager/explorer/application::painting.painting/count?_limit=10&_sort=title:ASC&_start=0 (14 ms) 200
[2020-06-17T05:46:57.734Z] debug GET /content-manager/content-types/application::painting.painting (28 ms) 200
[2020-06-17T05:46:57.745Z] debug GET /content-manager/explorer/application::painting.painting?_limit=10&_sort=title:ASC&_start=0 (44 ms) 200
[2020-06-17T05:46:57.863Z] debug GET /content-manager/explorer/application::painting.painting/count?_limit=10&_sort=title:ASC&_start=0 (65 ms) 200
[2020-06-17T05:46:57.899Z] debug GET /content-manager/explorer/application::painting.painting?_limit=10&_sort=title:ASC&_start=0 (93 ms) 200
[2020-06-17T05:47:02.363Z] debug POST /graphql (32 ms) 200
[2020-06-17T05:47:02.876Z] debug GET /uploads/Art4_ada7a7a8c1.jpeg (3 ms) 200
[2020-06-17T05:47:02.892Z] debug GET /uploads/Art5_9e7458aa41.jpeg (1 ms) 200
[2020-06-17T05:47:02.921Z] debug GET /uploads/Art8_199a73fd99.jpeg (2 ms) 200
[2020-06-17T13:21:38.193Z] debug OPTIONS /graphql (1 ms) 204
[2020-06-17T13:21:38.261Z] debug POST /graphql (47 ms) 200
[2020-06-17T13:21:38.477Z] debug GET /uploads/Art8_199a73fd99.jpeg (8 ms) 200
[2020-06-17T13:21:38.479Z] debug GET /uploads/Art4_ada7a7a8c1.jpeg (6 ms) 200
[2020-06-17T13:21:38.480Z] debug GET /uploads/Art5_9e7458aa41.jpeg (5 ms) 200
[2020-06-17T13:28:21.936Z] debug POST /graphql (34 ms) 200
[2020-06-17T13:28:22.059Z] debug GET /uploads/Art4_ada7a7a8c1.jpeg (6 ms) 200
[2020-06-17T13:28:22.060Z] debug GET /uploads/Art5_9e7458aa41.jpeg (6 ms) 200
[2020-06-17T13:28:22.061Z] debug GET /uploads/Art8_199a73fd99.jpeg (5 ms) 200
[2020-06-17T13:34:20.466Z] debug POST /graphql (32 ms) 200
[2020-06-17T13:34:20.663Z] debug GET /uploads/Art5_9e7458aa41.jpeg (6 ms) 200
[2020-06-17T13:34:20.664Z] debug GET /uploads/Art4_ada7a7a8c1.jpeg (5 ms) 200
[2020-06-17T13:34:20.665Z] debug GET /uploads/Art8_199a73fd99.jpeg (4 ms) 200
[2020-06-17T13:35:08.990Z] debug POST /graphql (36 ms) 200
[2020-06-17T13:35:09.372Z] debug GET /uploads/Art4_ada7a7a8c1.jpeg (2 ms) 200
[2020-06-17T13:35:09.384Z] debug GET /uploads/Art5_9e7458aa41.jpeg (4 ms) 200
[2020-06-17T13:35:09.385Z] debug GET /uploads/Art8_199a73fd99.jpeg (3 ms) 200
[2020-06-17T13:36:15.771Z] debug POST /graphql (35 ms) 200
[2020-06-17T13:36:16.166Z] debug GET /uploads/Art4_ada7a7a8c1.jpeg (4 ms) 200
[2020-06-17T13:36:16.167Z] debug GET /uploads/Art5_9e7458aa41.jpeg (3 ms) 200
[2020-06-17T13:36:16.201Z] debug GET /uploads/Art8_199a73fd99.jpeg (2 ms) 200
[2020-06-17T13:36:27.138Z] debug POST /graphql (37 ms) 200
[2020-06-17T13:36:27.367Z] debug GET /uploads/Art4_ada7a7a8c1.jpeg (7 ms) 200
[2020-06-17T13:36:27.368Z] debug GET /uploads/Art5_9e7458aa41.jpeg (7 ms) 200
[2020-06-17T13:36:27.370Z] debug GET /uploads/Art8_199a73fd99.jpeg (6 ms) 200
[2020-06-17T13:40:43.180Z] debug OPTIONS /graphql (1 ms) 204
[2020-06-17T13:40:43.242Z] debug POST /graphql (37 ms) 200
[2020-06-17T13:40:43.688Z] debug GET /uploads/Art4_ada7a7a8c1.jpeg (6 ms) 200
[2020-06-17T13:40:43.689Z] debug GET /uploads/Art5_9e7458aa41.jpeg (5 ms) 200
[2020-06-17T13:40:43.692Z] debug GET /uploads/Art8_199a73fd99.jpeg (7 ms) 200
[2020-06-17T13:42:55.089Z] debug OPTIONS /graphql (0 ms) 204
[2020-06-17T13:42:55.164Z] debug POST /graphql (35 ms) 200
[2020-06-17T13:42:55.483Z] debug GET /uploads/Art4_ada7a7a8c1.jpeg (9 ms) 200
[2020-06-17T13:42:55.483Z] debug GET /uploads/Art5_9e7458aa41.jpeg (8 ms) 200
[2020-06-17T13:42:55.484Z] debug GET /uploads/Art8_199a73fd99.jpeg (7 ms) 200
[2020-06-17T13:43:08.659Z] debug OPTIONS /graphql (0 ms) 204
[2020-06-17T13:43:08.735Z] debug POST /graphql (40 ms) 200
[2020-06-17T13:43:08.942Z] debug GET /uploads/Art4_ada7a7a8c1.jpeg (8 ms) 200
[2020-06-17T13:43:08.943Z] debug GET /uploads/Art5_9e7458aa41.jpeg (7 ms) 200
[2020-06-17T13:43:08.944Z] debug GET /uploads/Art8_199a73fd99.jpeg (4 ms) 200
[2020-06-17T13:43:31.110Z] debug OPTIONS /graphql (0 ms) 204
[2020-06-17T13:43:31.169Z] debug POST /graphql (34 ms) 200
[2020-06-17T13:43:31.407Z] debug GET /uploads/Art4_ada7a7a8c1.jpeg (5 ms) 200
[2020-06-17T13:43:31.408Z] debug GET /uploads/Art5_9e7458aa41.jpeg (5 ms) 200
[2020-06-17T13:43:31.409Z] debug GET /uploads/Art8_199a73fd99.jpeg (3 ms) 200
[2020-06-17T13:43:48.211Z] debug OPTIONS /graphql (0 ms) 204
[2020-06-17T13:43:48.267Z] debug POST /graphql (32 ms) 200
[2020-06-17T13:43:48.592Z] debug GET /uploads/Art4_ada7a7a8c1.jpeg (6 ms) 200
[2020-06-17T13:43:48.595Z] debug GET /uploads/Art5_9e7458aa41.jpeg (7 ms) 200
[2020-06-17T13:43:48.596Z] debug GET /uploads/Art8_199a73fd99.jpeg (6 ms) 200
[2020-06-17T13:44:08.375Z] debug OPTIONS /graphql (0 ms) 204
[2020-06-17T13:44:08.446Z] debug POST /graphql (41 ms) 200
[2020-06-17T13:44:08.775Z] debug GET /uploads/Art4_ada7a7a8c1.jpeg (4 ms) 200
[2020-06-17T13:44:08.776Z] debug GET /uploads/Art5_9e7458aa41.jpeg (3 ms) 200
[2020-06-17T13:44:08.789Z] debug GET /uploads/Art8_199a73fd99.jpeg (1 ms) 200
[2020-06-17T13:47:54.535Z] debug POST /graphql (40 ms) 200
[2020-06-17T13:47:54.734Z] debug GET /uploads/Art4_ada7a7a8c1.jpeg (2 ms) 200
[2020-06-17T13:47:54.741Z] debug GET /uploads/Art5_9e7458aa41.jpeg (3 ms) 200
[2020-06-17T13:47:54.742Z] debug GET /uploads/Art8_199a73fd99.jpeg (3 ms) 200
[2020-06-17T13:48:43.448Z] debug OPTIONS /graphql (0 ms) 204
[2020-06-17T13:48:43.546Z] debug POST /graphql (32 ms) 200
[2020-06-17T13:48:43.936Z] debug GET /uploads/Art4_ada7a7a8c1.jpeg (6 ms) 200
[2020-06-17T13:48:43.937Z] debug GET /uploads/Art5_9e7458aa41.jpeg (5 ms) 200
[2020-06-17T13:48:43.938Z] debug GET /uploads/Art8_199a73fd99.jpeg (5 ms) 200
[2020-06-17T13:50:19.951Z] debug OPTIONS /graphql (1 ms) 204
[2020-06-17T13:50:20.026Z] debug POST /graphql (34 ms) 200
[2020-06-17T13:50:20.560Z] debug GET /uploads/Art4_ada7a7a8c1.jpeg (8 ms) 200
[2020-06-17T13:50:20.561Z] debug GET /uploads/Art5_9e7458aa41.jpeg (5 ms) 200
[2020-06-17T13:50:20.563Z] debug GET /uploads/Art8_199a73fd99.jpeg (5 ms) 200
[2020-06-17T13:51:56.730Z] debug POST /graphql (33 ms) 200
[2020-06-17T13:51:56.966Z] debug GET /uploads/Art4_ada7a7a8c1.jpeg (3 ms) 200
[2020-06-17T13:51:56.991Z] debug GET /uploads/Art5_9e7458aa41.jpeg (3 ms) 200
[2020-06-17T13:51:56.993Z] debug GET /uploads/Art8_199a73fd99.jpeg (2 ms) 200
[2020-06-17T13:52:16.116Z] debug POST /graphql (35 ms) 200
[2020-06-17T13:52:16.373Z] debug GET /uploads/Art4_ada7a7a8c1.jpeg (7 ms) 200
[2020-06-17T13:52:16.374Z] debug GET /uploads/Art5_9e7458aa41.jpeg (6 ms) 200
[2020-06-17T13:52:16.374Z] debug GET /uploads/Art8_199a73fd99.jpeg (5 ms) 200
[2020-06-17T13:52:24.193Z] debug POST /graphql (39 ms) 200
[2020-06-17T13:52:24.310Z] debug GET /uploads/Art4_ada7a7a8c1.jpeg (2 ms) 200
[2020-06-17T13:52:24.325Z] debug GET /uploads/Art5_9e7458aa41.jpeg (2 ms) 200
[2020-06-17T13:52:24.348Z] debug GET /uploads/Art8_199a73fd99.jpeg (2 ms) 200
[2020-06-17T13:52:40.838Z] debug POST /graphql (34 ms) 200
[2020-06-17T13:52:41.171Z] debug GET /uploads/Art4_ada7a7a8c1.jpeg (3 ms) 200
[2020-06-17T13:52:41.185Z] debug GET /uploads/Art5_9e7458aa41.jpeg (2 ms) 200
[2020-06-17T13:52:41.191Z] debug GET /uploads/Art8_199a73fd99.jpeg (2 ms) 200
[2020-06-17T13:53:03.764Z] debug POST /graphql (31 ms) 200
[2020-06-17T13:53:03.871Z] debug GET /uploads/Art4_ada7a7a8c1.jpeg (2 ms) 200
[2020-06-17T13:53:03.887Z] debug GET /uploads/Art5_9e7458aa41.jpeg (2 ms) 200
[2020-06-17T13:53:03.897Z] debug GET /uploads/Art8_199a73fd99.jpeg (3 ms) 200
[2020-06-17T13:53:43.351Z] debug POST /graphql (31 ms) 200
[2020-06-17T13:53:43.575Z] debug GET /uploads/Art4_ada7a7a8c1.jpeg (4 ms) 200
[2020-06-17T13:53:43.580Z] debug GET /uploads/Art5_9e7458aa41.jpeg (3 ms) 200
[2020-06-17T13:53:43.593Z] debug GET /uploads/Art8_199a73fd99.jpeg (2 ms) 200
[2020-06-17T13:56:11.195Z] debug POST /graphql (41 ms) 200
[2020-06-17T13:56:11.524Z] debug GET /uploads/Art4_ada7a7a8c1.jpeg (7 ms) 200
[2020-06-17T13:56:11.525Z] debug GET /uploads/Art5_9e7458aa41.jpeg (7 ms) 200
[2020-06-17T13:56:11.526Z] debug GET /uploads/Art8_199a73fd99.jpeg (6 ms) 200
[2020-06-17T13:56:35.712Z] debug POST /graphql (45 ms) 200
[2020-06-17T13:56:35.969Z] debug GET /uploads/Art4_ada7a7a8c1.jpeg (3 ms) 200
[2020-06-17T13:56:35.989Z] debug GET /uploads/Art5_9e7458aa41.jpeg (3 ms) 200
[2020-06-17T13:56:35.989Z] debug GET /uploads/Art8_199a73fd99.jpeg (2 ms) 200
[2020-06-17T14:05:33.318Z] debug POST /graphql (34 ms) 200
[2020-06-17T14:05:33.477Z] debug GET /uploads/Art4_ada7a7a8c1.jpeg (3 ms) 200
[2020-06-17T14:05:33.502Z] debug GET /uploads/Art5_9e7458aa41.jpeg (3 ms) 200
[2020-06-17T14:05:33.507Z] debug GET /uploads/Art8_199a73fd99.jpeg (3 ms) 200
[2020-06-17T14:06:34.865Z] debug POST /graphql (30 ms) 200
[2020-06-17T14:06:35.187Z] debug GET /uploads/Art4_ada7a7a8c1.jpeg (3 ms) 200
[2020-06-17T14:06:35.217Z] debug GET /uploads/Art5_9e7458aa41.jpeg (3 ms) 200
[2020-06-17T14:06:35.226Z] debug GET /uploads/Art8_199a73fd99.jpeg (4 ms) 200
[2020-06-17T14:07:11.501Z] debug POST /graphql (35 ms) 200
[2020-06-17T14:07:11.682Z] debug GET /uploads/Art4_ada7a7a8c1.jpeg (3 ms) 200
[2020-06-17T14:07:11.706Z] debug GET /uploads/Art5_9e7458aa41.jpeg (3 ms) 200
[2020-06-17T14:07:11.706Z] debug GET /uploads/Art8_199a73fd99.jpeg (3 ms) 200
[2020-06-17T14:07:40.856Z] debug POST /graphql (34 ms) 200
[2020-06-17T14:07:41.168Z] debug GET /uploads/Art4_ada7a7a8c1.jpeg (4 ms) 200
[2020-06-17T14:07:41.169Z] debug GET /uploads/Art5_9e7458aa41.jpeg (3 ms) 200
[2020-06-17T14:07:41.315Z] debug GET /uploads/Art8_199a73fd99.jpeg (2 ms) 200
[2020-06-17T14:08:04.768Z] debug POST /graphql (32 ms) 200
[2020-06-17T14:08:05.229Z] debug GET /uploads/Art4_ada7a7a8c1.jpeg (4 ms) 200
[2020-06-17T14:08:05.230Z] debug GET /uploads/Art5_9e7458aa41.jpeg (3 ms) 200
[2020-06-17T14:08:05.505Z] debug GET /uploads/Art8_199a73fd99.jpeg (3 ms) 200
[2020-06-17T14:13:08.143Z] debug POST /graphql (49 ms) 200
[2020-06-17T14:13:08.589Z] debug GET /uploads/Art4_ada7a7a8c1.jpeg (6 ms) 200
[2020-06-17T14:13:08.590Z] debug GET /uploads/Art5_9e7458aa41.jpeg (5 ms) 200
[2020-06-17T14:13:08.591Z] debug GET /uploads/Art8_199a73fd99.jpeg (3 ms) 200
[2020-06-17T14:13:12.423Z] debug POST /graphql (33 ms) 200
[2020-06-17T14:13:12.643Z] debug GET /uploads/Art4_ada7a7a8c1.jpeg (3 ms) 200
[2020-06-17T14:13:12.655Z] debug GET /uploads/Art5_9e7458aa41.jpeg (2 ms) 200
[2020-06-17T14:13:12.669Z] debug GET /uploads/Art8_199a73fd99.jpeg (2 ms) 200
[2020-06-17T14:21:40.631Z] debug OPTIONS /graphql (1 ms) 204
[2020-06-17T14:21:40.655Z] debug POST /graphql (12 ms) 400
[2020-06-17T14:21:55.623Z] debug OPTIONS /graphql (0 ms) 204
[2020-06-17T14:21:55.678Z] debug POST /graphql (36 ms) 200
[2020-06-17T14:22:55.059Z] debug OPTIONS /graphql (1 ms) 204
[2020-06-17T14:22:55.108Z] debug POST /graphql (36 ms) 200
[2020-06-17T14:23:13.006Z] debug OPTIONS /graphql (2 ms) 204
[2020-06-17T14:23:13.063Z] debug POST /graphql (35 ms) 200
[2020-06-17T14:23:32.084Z] debug OPTIONS /graphql (1 ms) 204
[2020-06-17T14:23:32.135Z] debug POST /graphql (33 ms) 200
[2020-06-17T14:23:52.580Z] debug OPTIONS /graphql (0 ms) 204
[2020-06-17T14:23:52.628Z] debug POST /graphql (30 ms) 200
[2020-06-17T14:24:52.563Z] debug OPTIONS /graphql (0 ms) 204
[2020-06-17T14:24:52.612Z] debug POST /graphql (37 ms) 200
[2020-06-17T14:25:30.883Z] debug OPTIONS /graphql (0 ms) 204
[2020-06-17T14:25:30.959Z] debug POST /graphql (30 ms) 200
[2020-06-17T14:26:10.394Z] debug OPTIONS /graphql (0 ms) 204
[2020-06-17T14:26:10.438Z] debug POST /graphql (32 ms) 200
[2020-06-17T14:26:10.591Z] debug GET /uploads/Art4_ada7a7a8c1.jpeg (3 ms) 200
[2020-06-17T14:26:21.260Z] debug OPTIONS /graphql (0 ms) 204
[2020-06-17T14:26:21.307Z] debug POST /graphql (36 ms) 200
[2020-06-17T14:26:21.451Z] debug GET /uploads/Art4_ada7a7a8c1.jpeg (4 ms) 200
[2020-06-17T14:26:35.620Z] debug OPTIONS /graphql (1 ms) 204
[2020-06-17T14:26:35.678Z] debug POST /graphql (29 ms) 200
[2020-06-17T14:26:35.850Z] debug GET /uploads/Art4_ada7a7a8c1.jpeg (3 ms) 200
[2020-06-17T14:28:10.266Z] debug OPTIONS /graphql (0 ms) 204
[2020-06-17T14:28:10.309Z] debug POST /graphql (30 ms) 200
[2020-06-17T14:28:10.365Z] debug GET /uploads/Art4_ada7a7a8c1.jpeg (2 ms) 200
[2020-06-17T14:28:43.183Z] debug OPTIONS /graphql (0 ms) 204
[2020-06-17T14:28:43.237Z] debug POST /graphql (37 ms) 200
[2020-06-17T14:28:43.358Z] debug GET /uploads/Art4_ada7a7a8c1.jpeg (2 ms) 200
[2020-06-17T14:29:59.427Z] debug POST /graphql (43 ms) 200
[2020-06-17T14:29:59.469Z] debug GET /uploads/Art4_ada7a7a8c1.jpeg (2 ms) 200
[2020-06-17T14:30:31.262Z] debug POST /graphql (39 ms) 200
[2020-06-17T14:30:31.369Z] debug GET /uploads/Art4_ada7a7a8c1.jpeg (3 ms) 200
[2020-06-17T14:30:32.345Z] debug POST /graphql (38 ms) 200
[2020-06-17T14:30:32.362Z] debug GET /uploads/Art5_9e7458aa41.jpeg (2 ms) 200
[2020-06-17T14:30:32.370Z] debug GET /uploads/Art8_199a73fd99.jpeg (2 ms) 200
[2020-06-17T14:30:33.833Z] debug POST /graphql (74 ms) 200
[2020-06-17T14:30:52.535Z] debug POST /graphql (33 ms) 200
[2020-06-17T14:30:52.584Z] debug GET /uploads/Art8_199a73fd99.jpeg (5 ms) 200
[2020-06-17T14:31:42.861Z] debug POST /graphql (30 ms) 200
[2020-06-17T14:31:42.905Z] debug GET /uploads/Art8_199a73fd99.jpeg (2 ms) 200
[2020-06-17T14:31:44.938Z] debug POST /graphql (34 ms) 200
[2020-06-17T14:31:44.963Z] debug GET /uploads/Art4_ada7a7a8c1.jpeg (1 ms) 200
[2020-06-17T14:31:44.972Z] debug GET /uploads/Art5_9e7458aa41.jpeg (2 ms) 200
[2020-06-17T14:31:45.798Z] debug POST /graphql (33 ms) 200
[2020-06-17T14:32:11.605Z] debug POST /graphql (37 ms) 200
[2020-06-17T14:32:11.652Z] debug GET /uploads/Art5_9e7458aa41.jpeg (6 ms) 200
[2020-06-17T14:32:11.653Z] debug GET /uploads/Art4_ada7a7a8c1.jpeg (5 ms) 200
[2020-06-17T14:32:11.654Z] debug GET /uploads/Art8_199a73fd99.jpeg (4 ms) 200
[2020-06-17T14:32:23.874Z] debug POST /graphql (32 ms) 200
[2020-06-17T14:32:57.091Z] debug POST /graphql (33 ms) 200
[2020-06-17T14:32:57.145Z] debug GET /uploads/Art4_ada7a7a8c1.jpeg (5 ms) 200
[2020-06-17T14:32:57.146Z] debug GET /uploads/Art5_9e7458aa41.jpeg (5 ms) 200
[2020-06-17T14:32:57.148Z] debug GET /uploads/Art8_199a73fd99.jpeg (5 ms) 200
[2020-06-17T14:33:02.300Z] debug POST /graphql (37 ms) 200
[2020-06-17T14:33:02.349Z] debug GET /uploads/Art5_9e7458aa41.jpeg (5 ms) 200
[2020-06-17T14:33:02.350Z] debug GET /uploads/Art8_199a73fd99.jpeg (5 ms) 200
[2020-06-17T14:33:02.351Z] debug GET /uploads/Art4_ada7a7a8c1.jpeg (4 ms) 200
[2020-06-17T14:33:05.017Z] debug POST /graphql (34 ms) 200
[2020-06-17T14:33:05.045Z] debug GET /uploads/Art4_ada7a7a8c1.jpeg (5 ms) 200
[2020-06-17T14:33:05.046Z] debug GET /uploads/Art5_9e7458aa41.jpeg (5 ms) 200
[2020-06-17T14:33:05.046Z] debug GET /uploads/Art8_199a73fd99.jpeg (4 ms) 200
[2020-06-17T14:33:07.104Z] debug POST /graphql (48 ms) 200
[2020-06-17T14:33:17.589Z] debug POST /graphql (30 ms) 200
[2020-06-17T14:33:17.674Z] debug GET /uploads/Art4_ada7a7a8c1.jpeg (2 ms) 200
[2020-06-17T14:34:25.227Z] debug POST /graphql (30 ms) 200
[2020-06-17T14:34:25.294Z] debug GET /uploads/Art4_ada7a7a8c1.jpeg (4 ms) 200
[2020-06-17T14:35:12.743Z] debug POST /graphql (32 ms) 200
[2020-06-17T14:35:12.791Z] debug GET /uploads/Art4_ada7a7a8c1.jpeg (3 ms) 200
[2020-06-17T14:36:32.743Z] debug POST /graphql (30 ms) 200
[2020-06-17T14:36:32.790Z] debug GET /uploads/Art4_ada7a7a8c1.jpeg (3 ms) 200
[2020-06-17T14:37:49.069Z] debug GET index.html (13 ms) 200
[2020-06-17T14:37:49.457Z] debug GET /favicon.ico (3 ms) 200
[2020-06-17T14:37:50.191Z] debug GET /admin (2 ms) 200
[2020-06-17T14:37:50.238Z] debug GET runtime~main.c28c8467.js (4 ms) 200
[2020-06-17T14:37:50.239Z] debug GET main.5a944022.chunk.js (3 ms) 200
[2020-06-17T14:37:51.512Z] debug GET /users-permissions/init (23 ms) 200
[2020-06-17T14:37:51.525Z] debug GET /admin/init (1 ms) 200
[2020-06-17T14:37:51.575Z] debug GET 6301a48360d263198461152504dcd42b.svg (3 ms) 200
[2020-06-17T14:37:51.593Z] debug GET 3f6f46544e110a51499353fdc9d12bfe.png (2 ms) 200
[2020-06-17T14:37:51.612Z] debug GET 2d36b1a925432bae7f3c53a340868c6e.ttf (8 ms) 200
[2020-06-17T14:37:51.613Z] debug GET 85d339d916479f729938d2911b85bf1f.ttf (7 ms) 200
[2020-06-17T14:37:51.614Z] debug GET 57d69e1d4ce0cc10ace9264b4af92cf1.ttf (5 ms) 200
[2020-06-17T14:37:51.645Z] debug GET b15db15f746f29ffa02638cb455b8ec0.woff2 (3 ms) 200
[2020-06-17T14:37:55.490Z] debug POST /admin/auth/local (209 ms) 200
[2020-06-17T14:37:55.550Z] debug GET /content-manager/content-types (10 ms) 200
[2020-06-17T14:37:55.565Z] debug GET /content-manager/content-types (7 ms) 200
[2020-06-17T14:37:55.656Z] debug GET fb30313e62e3a932b32e5e1eef0f2ed6.png (9 ms) 200
[2020-06-17T14:37:55.658Z] debug GET 6a7a177d2278b1a672058817a92c2870.png (8 ms) 200
[2020-06-17T14:37:55.659Z] debug GET fd508c879644dd6827313d801776d714.png (7 ms) 200
[2020-06-17T14:37:55.660Z] debug GET 47ffa3adcd8b08b2ea82d3ed6c448f31.png (7 ms) 200
[2020-06-17T14:37:55.661Z] debug GET 75a60ac7a1a65ca23365ddab1d9da73e.png (7 ms) 200
[2020-06-17T14:37:55.670Z] debug GET cc1d824d8f006f0a47c72638f4ce0376.png (1 ms) 200
[2020-06-17T14:37:55.677Z] debug GET e631d2735799aa943d93d301abf423d2.ttf (2 ms) 200
[2020-06-17T14:37:59.974Z] debug GET /content-manager/components (17 ms) 200
[2020-06-17T14:37:59.984Z] debug GET /content-manager/content-types (17 ms) 200
[2020-06-17T14:37:59.988Z] debug GET /content-manager/content-types/application::painting.painting (25 ms) 200
[2020-06-17T14:38:00.007Z] debug GET 8.fd107503.chunk.js (2 ms) 200
[2020-06-17T14:38:00.055Z] debug GET 6.13dbbb1b.chunk.js (2 ms) 200
[2020-06-17T14:38:00.145Z] debug GET /content-manager/explorer/application::painting.painting/count?_limit=10&_sort=title:ASC&_start=0 (26 ms) 200
[2020-06-17T14:38:00.160Z] debug GET /content-manager/explorer/application::painting.painting?_limit=10&_sort=title:ASC&_start=0 (37 ms) 200
[2020-06-17T14:38:00.931Z] debug GET 587bfd5bca999b8d1213603050cb696e.svg (2 ms) 200
[2020-06-17T14:38:02.209Z] debug GET 1.bc973172.chunk.js (4 ms) 200
[2020-06-17T14:38:02.210Z] debug GET 2.d673e4b8.chunk.js (4 ms) 200
[2020-06-17T14:38:02.422Z] debug GET /content-manager/explorer/application::painting.painting/1 (24 ms) 200
[2020-06-17T14:38:02.490Z] debug GET /uploads/small_Art4_ada7a7a8c1.jpeg?12271.144999999706 (2 ms) 200
[2020-06-17T14:38:35.121Z] debug PUT /content-manager/explorer/application::painting.painting/1 (250 ms) 200
[2020-06-17T14:38:35.208Z] debug GET /content-manager/explorer/application::painting.painting/count?_limit=10&_sort=title:ASC&_start=0 (13 ms) 200
[2020-06-17T14:38:35.239Z] debug GET /content-manager/content-types/application::painting.painting (21 ms) 200
[2020-06-17T14:38:35.250Z] debug GET /content-manager/explorer/application::painting.painting?_limit=10&_sort=title:ASC&_start=0 (35 ms) 200
[2020-06-17T14:38:35.283Z] debug GET /content-manager/explorer/application::painting.painting/count?_limit=10&_sort=title:ASC&_start=0 (21 ms) 200
[2020-06-17T14:38:35.297Z] debug GET /content-manager/explorer/application::painting.painting?_limit=10&_sort=title:ASC&_start=0 (30 ms) 200
[2020-06-17T14:38:38.420Z] debug POST /graphql (31 ms) 200
[2020-06-17T14:38:38.493Z] debug GET /uploads/Art4_ada7a7a8c1.jpeg (3 ms) 200
[2020-06-17T14:38:49.475Z] debug GET /content-manager/explorer/application::painting.painting/1 (27 ms) 200
[2020-06-17T14:38:49.522Z] debug GET /uploads/small_Art4_ada7a7a8c1.jpeg?59328.95000000008 (3 ms) 200
[2020-06-17T14:38:51.692Z] debug PUT /content-manager/explorer/application::painting.painting/1 (231 ms) 200
[2020-06-17T14:38:51.754Z] debug GET /content-manager/explorer/application::painting.painting/count?_limit=10&_sort=title:ASC&_start=0 (12 ms) 200
[2020-06-17T14:38:51.790Z] debug GET /content-manager/content-types/application::painting.painting (21 ms) 200
[2020-06-17T14:38:51.802Z] debug GET /content-manager/explorer/application::painting.painting?_limit=10&_sort=title:ASC&_start=0 (38 ms) 200
[2020-06-17T14:38:51.830Z] debug GET /content-manager/explorer/application::painting.painting/count?_limit=10&_sort=title:ASC&_start=0 (19 ms) 200
[2020-06-17T14:38:51.843Z] debug GET /content-manager/explorer/application::painting.painting?_limit=10&_sort=title:ASC&_start=0 (30 ms) 200
[2020-06-17T14:38:54.584Z] debug POST /graphql (29 ms) 200
[2020-06-17T14:38:54.612Z] debug GET /uploads/Art4_ada7a7a8c1.jpeg (2 ms) 200
[2020-06-17T14:39:05.893Z] debug POST /graphql (27 ms) 200
[2020-06-17T14:39:05.972Z] debug GET /uploads/Art4_ada7a7a8c1.jpeg (2 ms) 200
[2020-06-17T14:39:11.916Z] debug POST /graphql (37 ms) 200
[2020-06-17T14:39:11.965Z] debug GET /uploads/Art5_9e7458aa41.jpeg (3 ms) 200
[2020-06-17T14:39:11.966Z] debug GET /uploads/Art8_199a73fd99.jpeg (3 ms) 200
[2020-06-17T14:39:18.163Z] debug POST /graphql (33 ms) 200
[2020-06-17T14:39:57.070Z] debug POST /graphql (34 ms) 200
[2020-06-17T14:39:57.117Z] debug GET /uploads/Art8_199a73fd99.jpeg (5 ms) 200
[2020-06-17T14:39:57.118Z] debug GET /uploads/Art5_9e7458aa41.jpeg (5 ms) 200
[2020-06-17T14:39:57.119Z] debug GET /uploads/Art4_ada7a7a8c1.jpeg (4 ms) 200
[2020-06-17T14:39:58.560Z] debug POST /graphql (32 ms) 200
[2020-06-17T14:40:10.182Z] debug POST /graphql (30 ms) 200
[2020-06-17T14:40:10.263Z] debug GET /uploads/Art4_ada7a7a8c1.jpeg (2 ms) 200
[2020-06-17T14:40:13.166Z] debug POST /graphql (45 ms) 200
[2020-06-17T14:40:13.191Z] debug GET /uploads/Art5_9e7458aa41.jpeg (2 ms) 200
[2020-06-17T14:40:13.204Z] debug GET /uploads/Art8_199a73fd99.jpeg (2 ms) 200
[2020-06-17T14:41:09.179Z] debug POST /graphql (31 ms) 200
[2020-06-17T14:41:09.245Z] debug GET /uploads/Art4_ada7a7a8c1.jpeg (2 ms) 200
[2020-06-17T14:41:12.408Z] debug POST /graphql (31 ms) 200
[2020-06-17T14:41:12.427Z] debug GET /uploads/Art5_9e7458aa41.jpeg (2 ms) 200
[2020-06-17T14:41:12.449Z] debug GET /uploads/Art8_199a73fd99.jpeg (2 ms) 200
[2020-06-17T14:41:36.688Z] debug GET /uploads/Art4_ada7a7a8c1.jpeg (3 ms) 200
[2020-06-17T14:41:58.662Z] debug GET /uploads/Art4_ada7a7a8c1.jpeg (8 ms) 200
[2020-06-17T14:41:58.663Z] debug GET /uploads/Art5_9e7458aa41.jpeg (7 ms) 200
[2020-06-17T14:41:58.663Z] debug GET /uploads/Art8_199a73fd99.jpeg (6 ms) 200
[2020-06-17T14:42:01.157Z] debug GET /uploads/Art4_ada7a7a8c1.jpeg (3 ms) 200
[2020-06-17T14:42:03.486Z] debug GET /uploads/Art4_ada7a7a8c1.jpeg (7 ms) 200
[2020-06-17T14:42:03.487Z] debug GET /uploads/Art5_9e7458aa41.jpeg (7 ms) 200
[2020-06-17T14:42:03.488Z] debug GET /uploads/Art8_199a73fd99.jpeg (7 ms) 200
[2020-06-17T14:57:40.127Z] debug POST /graphql (37 ms) 200
[2020-06-17T14:57:40.171Z] debug GET /uploads/Art8_199a73fd99.jpeg (7 ms) 200
[2020-06-17T14:57:40.172Z] debug GET /uploads/Art5_9e7458aa41.jpeg (7 ms) 200
[2020-06-17T14:57:40.173Z] debug GET /uploads/Art4_ada7a7a8c1.jpeg (5 ms) 200
[2020-06-17T15:03:01.694Z] debug OPTIONS /graphql (1 ms) 204
[2020-06-17T15:03:01.752Z] debug POST /graphql (35 ms) 200
[2020-06-17T15:03:01.805Z] debug GET /uploads/Art4_ada7a7a8c1.jpeg (5 ms) 200
[2020-06-17T15:03:01.807Z] debug GET /uploads/Art5_9e7458aa41.jpeg (6 ms) 200
[2020-06-17T15:03:01.808Z] debug GET /uploads/Art8_199a73fd99.jpeg (5 ms) 200
[2020-06-17T15:03:04.527Z] debug POST /graphql (32 ms) 200
[2020-06-17T15:03:07.454Z] debug POST /graphql (30 ms) 200
[2020-06-17T15:03:09.497Z] debug POST /graphql (30 ms) 200
